<?xml version="1.0" encoding="UTF-8"?>
<!-- Generated by org.testng.reporters.JUnitXMLReporter -->
<testsuite ignored="0" hostname="WJLP-1976" failures="0" tests="10" name="Default test" time="10.107" errors="0" timestamp="2023-06-06T19:57:19 IST">
  <testcase classname="google_TestCasesBD.testCases_google" name="@BeforeMethod setUp" time="10.023">
    <failure type="org.openqa.selenium.remote.http.ConnectionFailedException" message="Unable to establish websocket connection to http://localhost:55428/devtools/browser/911b79b6-8297-4149-aebe-45542e8fa24d
Build info: version: &amp;apos;4.1.0&amp;apos;, revision: &amp;apos;87802e897b&amp;apos;
System info: host: &amp;apos;WJLP-1976&amp;apos;, ip: &amp;apos;192.168.0.102&amp;apos;, os.name: &amp;apos;Windows 10&amp;apos;, os.arch: &amp;apos;amd64&amp;apos;, os.version: &amp;apos;10.0&amp;apos;, java.version: &amp;apos;17.0.1&amp;apos;
Driver info: driver.version: ChromeDriver">
      <![CDATA[org.openqa.selenium.remote.http.ConnectionFailedException: Unable to establish websocket connection to http://localhost:55428/devtools/browser/911b79b6-8297-4149-aebe-45542e8fa24d
Build info: version: '4.1.0', revision: '87802e897b'
System info: host: 'WJLP-1976', ip: '192.168.0.102', os.name: 'Windows 10', os.arch: 'amd64', os.version: '10.0', java.version: '17.0.1'
Driver info: driver.version: ChromeDriver
at org.openqa.selenium.remote.http.netty.NettyWebSocket.<init>(NettyWebSocket.java:104)
at org.openqa.selenium.remote.http.netty.NettyWebSocket.lambda$create$3(NettyWebSocket.java:137)
at org.openqa.selenium.remote.http.netty.NettyClient.openSocket(NettyClient.java:116)
at org.openqa.selenium.devtools.Connection.<init>(Connection.java:77)
at org.openqa.selenium.chromium.ChromiumDriver.lambda$new$2(ChromiumDriver.java:124)
at java.base/java.util.Optional.map(Optional.java:260)
at org.openqa.selenium.chromium.ChromiumDriver.<init>(ChromiumDriver.java:122)
at org.openqa.selenium.chrome.ChromeDriver.<init>(ChromeDriver.java:104)
at org.openqa.selenium.chrome.ChromeDriver.<init>(ChromeDriver.java:91)
at org.openqa.selenium.chrome.ChromeDriver.<init>(ChromeDriver.java:46)
at google_TestCasesBD.testCases_google.setUp(testCases_google.java:20)
at java.base/jdk.internal.reflect.NativeMethodAccessorImpl.invoke0(Native Method)
at java.base/jdk.internal.reflect.NativeMethodAccessorImpl.invoke(NativeMethodAccessorImpl.java:77)
at java.base/jdk.internal.reflect.DelegatingMethodAccessorImpl.invoke(DelegatingMethodAccessorImpl.java:43)
at java.base/java.lang.reflect.Method.invoke(Method.java:568)
at org.testng.internal.MethodInvocationHelper.invokeMethod(MethodInvocationHelper.java:133)
at org.testng.internal.MethodInvocationHelper.invokeMethodConsideringTimeout(MethodInvocationHelper.java:62)
at org.testng.internal.ConfigInvoker.invokeConfigurationMethod(ConfigInvoker.java:385)
at org.testng.internal.ConfigInvoker.invokeConfigurations(ConfigInvoker.java:321)
at org.testng.internal.TestInvoker.runConfigMethods(TestInvoker.java:700)
at org.testng.internal.TestInvoker.invokeMethod(TestInvoker.java:527)
at org.testng.internal.TestInvoker.invokeTestMethod(TestInvoker.java:173)
at org.testng.internal.MethodRunner.runInSequence(MethodRunner.java:46)
at org.testng.internal.TestInvoker$MethodInvocationAgent.invoke(TestInvoker.java:824)
at org.testng.internal.TestInvoker.invokeTestMethods(TestInvoker.java:146)
at org.testng.internal.TestMethodWorker.invokeTestMethods(TestMethodWorker.java:146)
at org.testng.internal.TestMethodWorker.run(TestMethodWorker.java:128)
at java.base/java.util.ArrayList.forEach(ArrayList.java:1511)
at org.testng.TestRunner.privateRun(TestRunner.java:794)
at org.testng.TestRunner.run(TestRunner.java:596)
at org.testng.SuiteRunner.runTest(SuiteRunner.java:377)
at org.testng.SuiteRunner.runSequentially(SuiteRunner.java:371)
at org.testng.SuiteRunner.privateRun(SuiteRunner.java:332)
at org.testng.SuiteRunner.run(SuiteRunner.java:276)
at org.testng.SuiteRunnerWorker.runSuite(SuiteRunnerWorker.java:53)
at org.testng.SuiteRunnerWorker.run(SuiteRunnerWorker.java:96)
at org.testng.TestNG.runSuitesSequentially(TestNG.java:1212)
at org.testng.TestNG.runSuitesLocally(TestNG.java:1134)
at org.testng.TestNG.runSuites(TestNG.java:1063)
at org.testng.TestNG.run(TestNG.java:1031)
at org.testng.remote.AbstractRemoteTestNG.run(AbstractRemoteTestNG.java:115)
at org.testng.remote.RemoteTestNG.initAndRun(RemoteTestNG.java:251)
at org.testng.remote.RemoteTestNG.main(RemoteTestNG.java:77)
]]>
    </failure>
  </testcase> <!-- @BeforeMethod setUp -->
  <testcase classname="google_TestCasesBD.testCases_google" name="@AfterMethod tearDown" time="-1.686061639546E9">
    <skipped/>
  </testcase> <!-- @AfterMethod tearDown -->
  <testcase classname="google_TestCasesBD.testCases_google" name="@BeforeMethod setUp" time="-1.686061639548E9">
    <skipped/>
  </testcase> <!-- @BeforeMethod setUp -->
  <testcase classname="google_TestCasesBD.testCases_google" name="@AfterMethod tearDown" time="-1.686061639553E9">
    <skipped/>
  </testcase> <!-- @AfterMethod tearDown -->
  <testcase classname="google_TestCasesBD.testCases_google" name="@BeforeMethod setUp" time="-1.686061639553E9">
    <skipped/>
  </testcase> <!-- @BeforeMethod setUp -->
  <testcase classname="google_TestCasesBD.testCases_google" name="@AfterMethod tearDown" time="-1.686061639557E9">
    <skipped/>
  </testcase> <!-- @AfterMethod tearDown -->
  <testcase classname="google_TestCasesBD.testCases_google" name="@BeforeMethod setUp" time="-1.686061639558E9">
    <skipped/>
  </testcase> <!-- @BeforeMethod setUp -->
  <testcase classname="google_TestCasesBD.testCases_google" name="@AfterMethod tearDown" time="-1.68606163956E9">
    <skipped/>
  </testcase> <!-- @AfterMethod tearDown -->
  <testcase classname="google_TestCasesBD.testCases_google" name="@BeforeMethod setUp" time="-1.686061639561E9">
    <skipped/>
  </testcase> <!-- @BeforeMethod setUp -->
  <testcase classname="google_TestCasesBD.testCases_google" name="@AfterMethod tearDown" time="-1.686061639563E9">
    <skipped/>
  </testcase> <!-- @AfterMethod tearDown -->
  <testcase classname="google_TestCasesBD.testCases_google" name="@BeforeMethod setUp" time="-1.686061639564E9">
    <skipped/>
  </testcase> <!-- @BeforeMethod setUp -->
  <testcase classname="google_TestCasesBD.testCases_google" name="@AfterMethod tearDown" time="-1.686061639566E9">
    <skipped/>
  </testcase> <!-- @AfterMethod tearDown -->
  <testcase classname="google_TestCasesBD.testCases_google" name="@BeforeMethod setUp" time="-1.686061639566E9">
    <skipped/>
  </testcase> <!-- @BeforeMethod setUp -->
  <testcase classname="google_TestCasesBD.testCases_google" name="@AfterMethod tearDown" time="-1.686061639568E9">
    <skipped/>
  </testcase> <!-- @AfterMethod tearDown -->
  <testcase classname="google_TestCasesBD.testCases_google" name="@BeforeMethod setUp" time="-1.686061639569E9">
    <skipped/>
  </testcase> <!-- @BeforeMethod setUp -->
  <testcase classname="google_TestCasesBD.testCases_google" name="@AfterMethod tearDown" time="-1.686061639571E9">
    <skipped/>
  </testcase> <!-- @AfterMethod tearDown -->
  <testcase classname="google_TestCasesBD.testCases_google" name="@BeforeMethod setUp" time="-1.686061639572E9">
    <skipped/>
  </testcase> <!-- @BeforeMethod setUp -->
  <testcase classname="google_TestCasesBD.testCases_google" name="@AfterMethod tearDown" time="-1.686061639574E9">
    <skipped/>
  </testcase> <!-- @AfterMethod tearDown -->
  <testcase classname="google_TestCasesBD.testCases_google" name="@BeforeMethod setUp" time="-1.686061639575E9">
    <skipped/>
  </testcase> <!-- @BeforeMethod setUp -->
  <testcase classname="google_TestCasesBD.testCases_google" name="@AfterMethod tearDown" time="-1.686061639577E9">
    <skipped/>
  </testcase> <!-- @AfterMethod tearDown -->
  <testcase classname="google_TestCasesBD.testCases_google" name="testAdvertisingLink" time="0.0">
    <skipped/>
  </testcase> <!-- testAdvertisingLink -->
  <testcase classname="google_TestCasesBD.testCases_google" name="testGoogleAppsMenu" time="0.0">
    <skipped/>
  </testcase> <!-- testGoogleAppsMenu -->
  <testcase classname="google_TestCasesBD.testCases_google" name="testHomePageLoads" time="0.0">
    <skipped/>
  </testcase> <!-- testHomePageLoads -->
  <testcase classname="google_TestCasesBD.testCases_google" name="testImageSearch" time="0.0">
    <skipped/>
  </testcase> <!-- testImageSearch -->
  <testcase classname="google_TestCasesBD.testCases_google" name="testLanguageSettings" time="0.0">
    <skipped/>
  </testcase> <!-- testLanguageSettings -->
  <testcase classname="google_TestCasesBD.testCases_google" name="testPrivacyLink" time="0.0">
    <skipped/>
  </testcase> <!-- testPrivacyLink -->
  <testcase classname="google_TestCasesBD.testCases_google" name="testSearchFunctionality" time="0.0">
    <skipped/>
  </testcase> <!-- testSearchFunctionality -->
  <testcase classname="google_TestCasesBD.testCases_google" name="testSearchSuggestions" time="0.0">
    <skipped/>
  </testcase> <!-- testSearchSuggestions -->
  <testcase classname="google_TestCasesBD.testCases_google" name="testSignInButton" time="0.0">
    <skipped/>
  </testcase> <!-- testSignInButton -->
  <testcase classname="google_TestCasesBD.testCases_google" name="testTermsLink" time="0.0">
    <skipped/>
  </testcase> <!-- testTermsLink -->
</testsuite> <!-- Default test -->
