<?xml version="1.0" encoding="UTF-8"?>
<!-- Generated by org.testng.reporters.JUnitReportReporter -->
<testsuite hostname="WJLP-1976" failures="0" tests="11" name="google_TestCasesBD.testCases_google" time="10.023" errors="1" timestamp="2023-06-06T19:57:19 IST" skipped="10">
  <testcase classname="google_TestCasesBD.testCases_google" name="testSearchSuggestions" time="0.000">
    <skipped/>
  </testcase> <!-- testSearchSuggestions -->
  <system-out/>
  <testcase classname="google_TestCasesBD.testCases_google" name="testAdvertisingLink" time="0.000">
    <skipped/>
  </testcase> <!-- testAdvertisingLink -->
  <system-out/>
  <testcase classname="google_TestCasesBD.testCases_google" name="testGoogleAppsMenu" time="0.000">
    <skipped/>
  </testcase> <!-- testGoogleAppsMenu -->
  <system-out/>
  <testcase classname="google_TestCasesBD.testCases_google" name="testSearchFunctionality" time="0.000">
    <skipped/>
  </testcase> <!-- testSearchFunctionality -->
  <system-out/>
  <testcase classname="google_TestCasesBD.testCases_google" name="setUp" time="10.023">
    <error message="Unable to establish websocket connection to http://localhost:55428/devtools/browser/911b79b6-8297-4149-aebe-45542e8fa24d
Build info: version: &#039;4.1.0&#039;, revision: &#039;87802e897b&#039;
System info: host: &#039;WJLP-1976&#039;, ip: &#039;192.168.0.102&#039;, os.name: &#039;Windows 10&#039;, os.arch: &#039;amd64&#039;, os.version: &#039;10.0&#039;, java.version: &#039;17.0.1&#039;
Driver info: driver.version: ChromeDriver" type="org.openqa.selenium.remote.http.ConnectionFailedException">
      <![CDATA[org.openqa.selenium.remote.http.ConnectionFailedException: Unable to establish websocket connection to http://localhost:55428/devtools/browser/911b79b6-8297-4149-aebe-45542e8fa24d
Build info: version: '4.1.0', revision: '87802e897b'
System info: host: 'WJLP-1976', ip: '192.168.0.102', os.name: 'Windows 10', os.arch: 'amd64', os.version: '10.0', java.version: '17.0.1'
Driver info: driver.version: ChromeDriver
at org.openqa.selenium.remote.http.netty.NettyWebSocket.<init>(NettyWebSocket.java:104)
at org.openqa.selenium.remote.http.netty.NettyWebSocket.lambda$create$3(NettyWebSocket.java:137)
at org.openqa.selenium.remote.http.netty.NettyClient.openSocket(NettyClient.java:116)
at org.openqa.selenium.devtools.Connection.<init>(Connection.java:77)
at org.openqa.selenium.chromium.ChromiumDriver.lambda$new$2(ChromiumDriver.java:124)
at java.base/java.util.Optional.map(Optional.java:260)
at org.openqa.selenium.chromium.ChromiumDriver.<init>(ChromiumDriver.java:122)
at org.openqa.selenium.chrome.ChromeDriver.<init>(ChromeDriver.java:104)
at org.openqa.selenium.chrome.ChromeDriver.<init>(ChromeDriver.java:91)
at org.openqa.selenium.chrome.ChromeDriver.<init>(ChromeDriver.java:46)
at google_TestCasesBD.testCases_google.setUp(testCases_google.java:20)
at java.base/jdk.internal.reflect.NativeMethodAccessorImpl.invoke0(Native Method)
at java.base/jdk.internal.reflect.NativeMethodAccessorImpl.invoke(NativeMethodAccessorImpl.java:77)
at java.base/jdk.internal.reflect.DelegatingMethodAccessorImpl.invoke(DelegatingMethodAccessorImpl.java:43)
at java.base/java.lang.reflect.Method.invoke(Method.java:568)
at org.testng.internal.MethodInvocationHelper.invokeMethod(MethodInvocationHelper.java:133)
at org.testng.internal.MethodInvocationHelper.invokeMethodConsideringTimeout(MethodInvocationHelper.java:62)
at org.testng.internal.ConfigInvoker.invokeConfigurationMethod(ConfigInvoker.java:385)
at org.testng.internal.ConfigInvoker.invokeConfigurations(ConfigInvoker.java:321)
at org.testng.internal.TestInvoker.runConfigMethods(TestInvoker.java:700)
at org.testng.internal.TestInvoker.invokeMethod(TestInvoker.java:527)
at org.testng.internal.TestInvoker.invokeTestMethod(TestInvoker.java:173)
at org.testng.internal.MethodRunner.runInSequence(MethodRunner.java:46)
at org.testng.internal.TestInvoker$MethodInvocationAgent.invoke(TestInvoker.java:824)
at org.testng.internal.TestInvoker.invokeTestMethods(TestInvoker.java:146)
at org.testng.internal.TestMethodWorker.invokeTestMethods(TestMethodWorker.java:146)
at org.testng.internal.TestMethodWorker.run(TestMethodWorker.java:128)
at java.base/java.util.ArrayList.forEach(ArrayList.java:1511)
at org.testng.TestRunner.privateRun(TestRunner.java:794)
at org.testng.TestRunner.run(TestRunner.java:596)
at org.testng.SuiteRunner.runTest(SuiteRunner.java:377)
at org.testng.SuiteRunner.runSequentially(SuiteRunner.java:371)
at org.testng.SuiteRunner.privateRun(SuiteRunner.java:332)
at org.testng.SuiteRunner.run(SuiteRunner.java:276)
at org.testng.SuiteRunnerWorker.runSuite(SuiteRunnerWorker.java:53)
at org.testng.SuiteRunnerWorker.run(SuiteRunnerWorker.java:96)
at org.testng.TestNG.runSuitesSequentially(TestNG.java:1212)
at org.testng.TestNG.runSuitesLocally(TestNG.java:1134)
at org.testng.TestNG.runSuites(TestNG.java:1063)
at org.testng.TestNG.run(TestNG.java:1031)
at org.testng.remote.AbstractRemoteTestNG.run(AbstractRemoteTestNG.java:115)
at org.testng.remote.RemoteTestNG.initAndRun(RemoteTestNG.java:251)
at org.testng.remote.RemoteTestNG.main(RemoteTestNG.java:77)
]]>
    </error>
  </testcase> <!-- setUp -->
  <system-out/>
  <testcase classname="google_TestCasesBD.testCases_google" name="testPrivacyLink" time="0.000">
    <skipped/>
  </testcase> <!-- testPrivacyLink -->
  <system-out/>
  <testcase classname="google_TestCasesBD.testCases_google" name="testImageSearch" time="0.000">
    <skipped/>
  </testcase> <!-- testImageSearch -->
  <system-out/>
  <testcase classname="google_TestCasesBD.testCases_google" name="testSignInButton" time="0.000">
    <skipped/>
  </testcase> <!-- testSignInButton -->
  <system-out/>
  <testcase classname="google_TestCasesBD.testCases_google" name="testTermsLink" time="0.000">
    <skipped/>
  </testcase> <!-- testTermsLink -->
  <system-out/>
  <testcase classname="google_TestCasesBD.testCases_google" name="testHomePageLoads" time="0.000">
    <skipped/>
  </testcase> <!-- testHomePageLoads -->
  <system-out/>
  <testcase classname="google_TestCasesBD.testCases_google" name="testLanguageSettings" time="0.000">
    <skipped/>
  </testcase> <!-- testLanguageSettings -->
  <system-out/>
</testsuite> <!-- google_TestCasesBD.testCases_google -->
